2024-06-09 14:56:11,989 - INFO - Saving books to file.
2024-06-09 14:56:11,989 - INFO - Data saved to './data/books.json'.
2024-06-09 14:56:11,989 - INFO - Saving books to file.
2024-06-09 14:56:11,989 - INFO - Data saved to './data/books.json'.
2024-06-09 14:56:11,989 - INFO - Saving users to file.
2024-06-09 14:56:11,989 - INFO - Data saved to './data/users.json'.
2024-06-09 14:56:11,989 - INFO - Saving books to file.
2024-06-09 14:56:11,989 - INFO - Data saved to './data/books.json'.
2024-06-09 14:56:11,989 - INFO - Saving users to file.
2024-06-09 14:56:11,989 - INFO - Data saved to './data/users.json'.
2024-06-09 14:56:11,989 - INFO - Saving books to file.
2024-06-09 14:56:11,989 - INFO - Data saved to './data/books.json'.
2024-06-09 14:56:12,000 - INFO - Saving users to file.
2024-06-09 14:56:12,000 - INFO - Data saved to './data/users.json'.
2024-06-09 14:56:12,000 - INFO - Saving checkouts to file.
2024-06-09 14:56:12,000 - INFO - Data saved to './data/checkouts.json'.
2024-06-09 14:56:12,000 - INFO - Saving books to file.
2024-06-09 14:56:12,000 - INFO - Data saved to './data/books.json'.
2024-06-09 14:56:12,000 - INFO - Saving books to file.
2024-06-09 14:56:12,000 - INFO - Data saved to './data/books.json'.
2024-06-09 14:56:12,000 - INFO - Saving users to file.
2024-06-09 14:56:12,000 - INFO - Data saved to './data/users.json'.
2024-06-09 14:56:12,000 - INFO - Saving checkouts to file.
2024-06-09 14:56:12,000 - INFO - Data saved to './data/checkouts.json'.
2024-06-09 14:56:12,000 - INFO - Saving books to file.
2024-06-09 14:56:12,000 - INFO - Data saved to './data/books.json'.
2024-06-09 14:56:12,000 - INFO - Saving users to file.
2024-06-09 14:56:12,000 - INFO - Data saved to './data/users.json'.
2024-06-09 14:56:12,000 - INFO - Saving users to file.
2024-06-09 14:56:12,000 - INFO - Data saved to './data/users.json'.
2024-06-09 14:56:12,000 - INFO - Saving books to file.
2024-06-09 14:56:12,000 - INFO - Data saved to './data/books.json'.
2024-06-09 14:56:12,000 - INFO - Saving users to file.
2024-06-09 14:56:12,000 - INFO - Data saved to './data/users.json'.
2024-06-09 14:56:12,000 - INFO - Saving checkouts to file.
2024-06-09 14:56:12,000 - INFO - Data saved to './data/checkouts.json'.
2024-06-09 14:56:12,000 - INFO - Saving books to file.
2024-06-09 14:56:12,000 - INFO - Data saved to './data/books.json'.
2024-06-09 14:56:12,000 - INFO - Saving users to file.
2024-06-09 14:56:12,000 - INFO - Data saved to './data/users.json'.
2024-06-09 14:56:12,000 - INFO - Saving books to file.
2024-06-09 14:56:12,005 - INFO - Data saved to './data/books.json'.
2024-06-09 14:56:12,005 - INFO - Saving users to file.
2024-06-09 14:56:12,005 - INFO - Data saved to './data/users.json'.
2024-06-09 14:56:12,005 - INFO - Saving checkouts to file.
2024-06-09 14:56:12,005 - INFO - Data saved to './data/checkouts.json'.
2024-06-09 14:56:12,005 - INFO - Saving users to file.
2024-06-09 14:56:12,005 - INFO - Data saved to './data/users.json'.
2024-06-09 14:56:54,970 - INFO - Loading books from file.
2024-06-09 14:56:54,972 - INFO - Saving books to file.
2024-06-09 14:56:54,972 - INFO - Data saved to './data/books.json'.
2024-06-09 14:57:17,155 - INFO - Loading checkouts from file.
2024-06-09 14:57:17,155 - INFO - Loading users from file.
2024-06-09 14:57:39,694 - INFO - Saving users to file.
2024-06-09 14:57:39,694 - INFO - Data saved to './data/users.json'.
2024-06-09 14:57:58,920 - INFO - Saving books to file.
2024-06-09 14:57:58,922 - INFO - Data saved to './data/books.json'.
2024-06-09 14:57:58,922 - INFO - Saving users to file.
2024-06-09 14:57:58,922 - INFO - Data saved to './data/users.json'.
2024-06-09 14:57:58,922 - INFO - Saving checkouts to file.
2024-06-09 14:57:58,922 - INFO - Data saved to './data/checkouts.json'.
2024-06-09 14:58:32,466 - INFO - Saving books to file.
2024-06-09 14:58:32,466 - INFO - Data saved to './data/books.json'.
2024-06-09 14:58:32,466 - INFO - Saving books to file.
2024-06-09 14:58:32,468 - INFO - Data saved to './data/books.json'.
2024-06-09 14:58:32,468 - INFO - Saving users to file.
2024-06-09 14:58:32,468 - INFO - Data saved to './data/users.json'.
2024-06-09 14:58:32,468 - INFO - Saving checkouts to file.
2024-06-09 14:58:32,468 - INFO - Data saved to './data/checkouts.json'.
2024-06-09 15:08:20,178 - INFO - Saving books to file.
2024-06-09 15:08:20,178 - INFO - Data saved to './data/books.json'.
2024-06-09 15:08:20,178 - INFO - Saving books to file.
2024-06-09 15:08:20,178 - INFO - Data saved to './data/books.json'.
2024-06-09 15:08:20,178 - INFO - Saving users to file.
2024-06-09 15:08:20,180 - INFO - Data saved to './data/users.json'.
2024-06-09 15:08:20,180 - INFO - Saving books to file.
2024-06-09 15:08:20,180 - INFO - Data saved to './data/books.json'.
2024-06-09 15:08:20,180 - INFO - Saving users to file.
2024-06-09 15:08:20,180 - INFO - Data saved to './data/users.json'.
2024-06-09 15:08:20,180 - INFO - Saving books to file.
2024-06-09 15:08:20,180 - INFO - Data saved to './data/books.json'.
2024-06-09 15:08:20,180 - INFO - Saving users to file.
2024-06-09 15:08:20,180 - INFO - Data saved to './data/users.json'.
2024-06-09 15:08:20,180 - INFO - Saving checkouts to file.
2024-06-09 15:08:20,180 - INFO - Data saved to './data/checkouts.json'.
2024-06-09 15:08:20,180 - INFO - Saving books to file.
2024-06-09 15:08:20,180 - INFO - Data saved to './data/books.json'.
2024-06-09 15:08:20,180 - INFO - Saving books to file.
2024-06-09 15:08:20,180 - INFO - Data saved to './data/books.json'.
2024-06-09 15:08:20,180 - INFO - Saving users to file.
2024-06-09 15:08:20,180 - INFO - Data saved to './data/users.json'.
2024-06-09 15:08:20,182 - INFO - Saving checkouts to file.
2024-06-09 15:08:20,182 - INFO - Data saved to './data/checkouts.json'.
2024-06-09 15:08:20,182 - INFO - Saving books to file.
2024-06-09 15:08:20,182 - INFO - Data saved to './data/books.json'.
2024-06-09 15:08:20,182 - INFO - Saving users to file.
2024-06-09 15:08:20,182 - INFO - Data saved to './data/users.json'.
2024-06-09 15:08:20,182 - INFO - Saving users to file.
2024-06-09 15:08:20,184 - INFO - Data saved to './data/users.json'.
2024-06-09 15:08:20,184 - INFO - Saving books to file.
2024-06-09 15:08:20,184 - INFO - Data saved to './data/books.json'.
2024-06-09 15:08:20,184 - INFO - Saving users to file.
2024-06-09 15:08:20,184 - INFO - Data saved to './data/users.json'.
2024-06-09 15:08:20,184 - INFO - Saving checkouts to file.
2024-06-09 15:08:20,184 - INFO - Data saved to './data/checkouts.json'.
2024-06-09 15:08:20,184 - INFO - Saving books to file.
2024-06-09 15:08:20,185 - INFO - Data saved to './data/books.json'.
2024-06-09 15:08:20,185 - INFO - Saving users to file.
2024-06-09 15:08:20,185 - INFO - Data saved to './data/users.json'.
2024-06-09 15:08:20,185 - INFO - Saving books to file.
2024-06-09 15:08:20,185 - INFO - Data saved to './data/books.json'.
2024-06-09 15:08:20,185 - INFO - Saving users to file.
2024-06-09 15:08:20,186 - INFO - Data saved to './data/users.json'.
2024-06-09 15:08:20,186 - INFO - Saving checkouts to file.
2024-06-09 15:08:20,186 - INFO - Data saved to './data/checkouts.json'.
2024-06-09 15:08:20,186 - INFO - Saving users to file.
2024-06-09 15:08:20,186 - INFO - Data saved to './data/users.json'.
2024-06-09 15:08:38,465 - INFO - Loading books from file.
2024-06-09 15:09:47,758 - INFO - Saving books to file.
2024-06-09 15:09:47,758 - INFO - Data saved to './data/books.json'.
2024-06-09 15:09:47,758 - INFO - Saving books to file.
2024-06-09 15:09:47,758 - INFO - Data saved to './data/books.json'.
2024-06-09 15:09:47,758 - INFO - Saving users to file.
2024-06-09 15:09:47,758 - INFO - Data saved to './data/users.json'.
2024-06-09 15:09:47,758 - INFO - Saving books to file.
2024-06-09 15:09:47,761 - INFO - Data saved to './data/books.json'.
2024-06-09 15:09:47,761 - INFO - Saving users to file.
2024-06-09 15:09:47,761 - INFO - Data saved to './data/users.json'.
2024-06-09 15:09:47,761 - INFO - Saving books to file.
2024-06-09 15:09:47,761 - INFO - Data saved to './data/books.json'.
2024-06-09 15:09:47,761 - INFO - Saving users to file.
2024-06-09 15:09:47,762 - INFO - Data saved to './data/users.json'.
2024-06-09 15:09:47,762 - INFO - Saving checkouts to file.
2024-06-09 15:09:47,762 - INFO - Data saved to './data/checkouts.json'.
2024-06-09 15:09:47,767 - INFO - Saving books to file.
2024-06-09 15:09:47,767 - INFO - Data saved to './data/books.json'.
2024-06-09 15:09:47,767 - INFO - Saving books to file.
2024-06-09 15:09:47,767 - INFO - Data saved to './data/books.json'.
2024-06-09 15:09:47,767 - INFO - Saving users to file.
2024-06-09 15:09:47,768 - INFO - Data saved to './data/users.json'.
2024-06-09 15:09:47,768 - INFO - Saving checkouts to file.
2024-06-09 15:09:47,768 - INFO - Data saved to './data/checkouts.json'.
2024-06-09 15:09:47,768 - INFO - Saving books to file.
2024-06-09 15:09:47,768 - INFO - Data saved to './data/books.json'.
2024-06-09 15:09:47,769 - INFO - Saving users to file.
2024-06-09 15:09:47,769 - INFO - Data saved to './data/users.json'.
2024-06-09 15:09:47,769 - INFO - Saving users to file.
2024-06-09 15:09:47,769 - INFO - Data saved to './data/users.json'.
2024-06-09 15:09:47,769 - INFO - Saving books to file.
2024-06-09 15:09:47,769 - INFO - Data saved to './data/books.json'.
2024-06-09 15:09:47,769 - INFO - Saving users to file.
2024-06-09 15:09:47,770 - INFO - Data saved to './data/users.json'.
2024-06-09 15:09:47,770 - INFO - Saving checkouts to file.
2024-06-09 15:09:47,770 - INFO - Data saved to './data/checkouts.json'.
2024-06-09 15:09:47,770 - INFO - Saving books to file.
2024-06-09 15:09:47,770 - INFO - Data saved to './data/books.json'.
2024-06-09 15:09:47,770 - INFO - Saving users to file.
2024-06-09 15:09:47,771 - INFO - Data saved to './data/users.json'.
2024-06-09 15:09:47,771 - INFO - Saving books to file.
2024-06-09 15:09:47,771 - INFO - Data saved to './data/books.json'.
2024-06-09 15:09:47,771 - INFO - Saving users to file.
2024-06-09 15:09:47,771 - INFO - Data saved to './data/users.json'.
2024-06-09 15:09:47,771 - INFO - Saving checkouts to file.
2024-06-09 15:09:47,771 - INFO - Data saved to './data/checkouts.json'.
2024-06-09 15:09:47,772 - INFO - Saving users to file.
2024-06-09 15:09:47,772 - INFO - Data saved to './data/users.json'.
2024-06-09 15:24:18,932 - INFO - Loading books from file.
2024-06-09 15:24:18,932 - INFO - Saving books to file.
2024-06-09 15:24:18,936 - INFO - Data saved to './data/books.json'.
2024-06-09 15:24:41,081 - INFO - Saving books to file.
2024-06-09 15:24:41,081 - INFO - Data saved to './data/books.json'.
2024-06-09 15:24:55,097 - INFO - Saving books to file.
2024-06-09 15:24:55,097 - INFO - Data saved to './data/books.json'.
2024-06-09 15:25:26,281 - INFO - Saving books to file.
2024-06-09 15:25:26,281 - INFO - Data saved to './data/books.json'.
2024-06-09 15:25:30,237 - INFO - Loading users from file.
2024-06-09 15:28:23,909 - INFO - Loading books from file.
2024-06-09 15:28:37,470 - INFO - Saving books to file.
2024-06-09 15:28:37,470 - INFO - Data saved to './data/books.json'.
2024-06-09 15:28:37,470 - INFO - Saving books to file.
2024-06-09 15:28:37,470 - INFO - Data saved to './data/books.json'.
2024-06-09 15:28:37,470 - INFO - Saving users to file.
2024-06-09 15:28:37,470 - INFO - Data saved to './data/users.json'.
2024-06-09 15:28:37,470 - INFO - Saving books to file.
2024-06-09 15:28:37,470 - INFO - Data saved to './data/books.json'.
2024-06-09 15:28:37,470 - INFO - Saving users to file.
2024-06-09 15:28:37,470 - INFO - Data saved to './data/users.json'.
2024-06-09 15:28:37,470 - INFO - Saving books to file.
2024-06-09 15:28:37,470 - INFO - Data saved to './data/books.json'.
2024-06-09 15:28:37,470 - INFO - Saving users to file.
2024-06-09 15:28:37,470 - INFO - Data saved to './data/users.json'.
2024-06-09 15:28:37,470 - INFO - Saving checkouts to file.
2024-06-09 15:28:37,470 - INFO - Data saved to './data/checkouts.json'.
2024-06-09 15:28:37,470 - INFO - Saving books to file.
2024-06-09 15:28:37,470 - INFO - Data saved to './data/books.json'.
2024-06-09 15:28:37,470 - INFO - Saving books to file.
2024-06-09 15:28:37,470 - INFO - Data saved to './data/books.json'.
2024-06-09 15:28:37,470 - INFO - Saving users to file.
2024-06-09 15:28:37,470 - INFO - Data saved to './data/users.json'.
2024-06-09 15:28:37,470 - INFO - Saving checkouts to file.
2024-06-09 15:28:37,470 - INFO - Data saved to './data/checkouts.json'.
2024-06-09 15:28:37,470 - INFO - Saving books to file.
2024-06-09 15:28:37,470 - INFO - Data saved to './data/books.json'.
2024-06-09 15:28:37,470 - INFO - Saving users to file.
2024-06-09 15:28:37,470 - INFO - Data saved to './data/users.json'.
2024-06-09 15:28:37,470 - INFO - Saving users to file.
2024-06-09 15:28:37,470 - INFO - Data saved to './data/users.json'.
2024-06-09 15:28:37,470 - INFO - Saving books to file.
2024-06-09 15:28:37,470 - INFO - Data saved to './data/books.json'.
2024-06-09 15:28:37,470 - INFO - Saving users to file.
2024-06-09 15:28:37,470 - INFO - Data saved to './data/users.json'.
2024-06-09 15:28:37,470 - INFO - Saving checkouts to file.
2024-06-09 15:28:37,470 - INFO - Data saved to './data/checkouts.json'.
2024-06-09 15:28:37,480 - INFO - Saving books to file.
2024-06-09 15:28:37,480 - INFO - Data saved to './data/books.json'.
2024-06-09 15:28:37,480 - INFO - Saving users to file.
2024-06-09 15:28:37,480 - INFO - Data saved to './data/users.json'.
2024-06-09 15:28:37,480 - INFO - Saving books to file.
2024-06-09 15:28:37,480 - INFO - Data saved to './data/books.json'.
2024-06-09 15:28:37,480 - INFO - Saving users to file.
2024-06-09 15:28:37,480 - INFO - Data saved to './data/users.json'.
2024-06-09 15:28:37,480 - INFO - Saving checkouts to file.
2024-06-09 15:28:37,480 - INFO - Data saved to './data/checkouts.json'.
2024-06-09 15:28:37,480 - INFO - Saving users to file.
2024-06-09 15:28:37,482 - INFO - Data saved to './data/users.json'.
2024-06-09 15:28:47,418 - INFO - Loading books from file.
2024-06-09 15:30:35,901 - INFO - Loading users from file.
2024-06-09 15:30:35,902 - INFO - Saving users to file.
2024-06-09 15:30:35,902 - INFO - Data saved to './data/users.json'.
2024-06-09 15:30:54,649 - INFO - Saving users to file.
2024-06-09 15:30:54,649 - INFO - Data saved to './data/users.json'.
2024-06-09 15:32:40,452 - INFO - Loading users from file.
2024-06-09 15:32:48,720 - INFO - Saving users to file.
2024-06-09 15:32:48,735 - INFO - Data saved to './data/users.json'.
